Using pre-set license
Built from '2020.3/staging' branch; Version is '2020.3.8f1 (507919d4fff5) revision 5273881'; Using compiler version '192528614'; Build Type 'Release'
OS: 'Windows 10 Home; OS build 19042.1052; Version 2009; 64bit' Language: 'en' Physical Memory: 16329 MB
BatchMode: 1, IsHumanControllingUs: 0, StartBugReporterOnCrash: 0, Is64bit: 1, IsPro: 0

 COMMAND LINE ARGUMENTS:
C:\Program Files\Unity\Hub\Editor\2020.3.8f1\Editor\Unity.exe
-adb2
-batchMode
-noUpm
-name
AssetImportWorker0
-projectPath
D:/Games/DangryGames/StealthGame/StealthGame/Stealth Game
-logFile
Logs/AssetImportWorker0.log
-srvPort
1905
Successfully changed project path to: D:/Games/DangryGames/StealthGame/StealthGame/Stealth Game
D:/Games/DangryGames/StealthGame/StealthGame/Stealth Game
Using Asset Import Pipeline V2.
Refreshing native plugins compatible for Editor in 56.28 ms, found 0 plugins.
Preloading 0 native plugins for Editor in 0.00 ms.
Initialize engine version: 2020.3.8f1 (507919d4fff5)
[Subsystems] Discovering subsystems at path C:/Program Files/Unity/Hub/Editor/2020.3.8f1/Editor/Data/Resources/UnitySubsystems
[Subsystems] Discovering subsystems at path D:/Games/DangryGames/StealthGame/StealthGame/Stealth Game/Assets
GfxDevice: creating device client; threaded=0
Direct3D:
    Version:  Direct3D 11.0 [level 11.1]
    Renderer: NVIDIA GeForce GTX 960 (ID=0x1401)
    Vendor:   
    VRAM:     2007 MB
    Driver:   30.0.14.7111
Initialize mono
Mono path[0] = 'C:/Program Files/Unity/Hub/Editor/2020.3.8f1/Editor/Data/Managed'
Mono path[1] = 'C:/Program Files/Unity/Hub/Editor/2020.3.8f1/Editor/Data/MonoBleedingEdge/lib/mono/unityjit'
Mono config path = 'C:/Program Files/Unity/Hub/Editor/2020.3.8f1/Editor/Data/MonoBleedingEdge/etc'
Using monoOptions --debugger-agent=transport=dt_socket,embedding=1,server=y,suspend=n,address=127.0.0.1:56964
Begin MonoManager ReloadAssembly
Registering precompiled unity dll's ...
Register platform support module: C:/Program Files/Unity/Hub/Editor/2020.3.8f1/Editor/Data/PlaybackEngines/WebGLSupport/UnityEditor.WebGL.Extensions.dll
Register platform support module: C:/Program Files/Unity/Hub/Editor/2020.3.8f1/Editor/Data/PlaybackEngines/WindowsStandaloneSupport/UnityEditor.WindowsStandalone.Extensions.dll
Registered in 0.004818 seconds.
Native extension for WindowsStandalone target not found
Native extension for WebGL target not found
Refreshing native plugins compatible for Editor in 56.53 ms, found 0 plugins.
Preloading 0 native plugins for Editor in 0.00 ms.
Mono: successfully reloaded assembly
- Completed reload, in  2.319 seconds
Platform modules already initialized, skipping
Registering precompiled user dll's ...
Registered in 0.002029 seconds.
Begin MonoManager ReloadAssembly
Native extension for WindowsStandalone target not found
Native extension for WebGL target not found
Refreshing native plugins compatible for Editor in 0.78 ms, found 0 plugins.
Preloading 0 native plugins for Editor in 0.00 ms.
Mono: successfully reloaded assembly
- Completed reload, in  2.374 seconds
Platform modules already initialized, skipping
========================================================================
Worker process is ready to serve import requests
Launched and connected shader compiler UnityShaderCompiler.exe after 0.07 seconds
Refreshing native plugins compatible for Editor in 0.69 ms, found 0 plugins.
Preloading 0 native plugins for Editor in 0.00 ms.
Unloading 1308 Unused Serialized files (Serialized files now loaded: 0)
System memory in use before: 76.7 MB.
System memory in use after: 76.4 MB.

Unloading 13 unused Assets to reduce memory usage. Loaded Objects now: 1763.
Total: 3.374000 ms (FindLiveObjects: 0.292300 ms CreateObjectMapping: 0.062200 ms MarkObjects: 2.347100 ms  DeleteObjects: 0.669800 ms)

========================================================================
Received Import Request.
  path: Assets/The Great Fleece/Game/Animations/Cameras/SecurityCameras.controller
  artifactKey: Guid(10f4c685c57a3374d890cd758464292f) Importer(815301076,1909f56bfc062723c751e8b465ee728b)
Start importing Assets/The Great Fleece/Game/Animations/Cameras/SecurityCameras.controller using Guid(10f4c685c57a3374d890cd758464292f) Importer(815301076,1909f56bfc062723c751e8b465ee728b)  -> (artifact id: 'e2375143403f7c506a74e0f0c4aa21bb') in 0.066898 seconds
  Import took 0.107078 seconds .

========================================================================
Received Prepare
Registering precompiled user dll's ...
Registered in 0.001958 seconds.
Begin MonoManager ReloadAssembly
Native extension for WindowsStandalone target not found
Native extension for WebGL target not found
Refreshing native plugins compatible for Editor in 0.63 ms, found 0 plugins.
Preloading 0 native plugins for Editor in 0.00 ms.
Mono: successfully reloaded assembly
- Completed reload, in  4.719 seconds
Platform modules already initialized, skipping
Refreshing native plugins compatible for Editor in 0.63 ms, found 0 plugins.
Preloading 0 native plugins for Editor in 0.00 ms.
Unloading 1274 Unused Serialized files (Serialized files now loaded: 0)
System memory in use before: 73.9 MB.
System memory in use after: 73.6 MB.

Unloading 8 unused Assets to reduce memory usage. Loaded Objects now: 1767.
Total: 3.800900 ms (FindLiveObjects: 0.313900 ms CreateObjectMapping: 0.108200 ms MarkObjects: 2.663200 ms  DeleteObjects: 0.711800 ms)

========================================================================
Received Prepare
Registering precompiled user dll's ...
Registered in 0.001909 seconds.
Begin MonoManager ReloadAssembly
Native extension for WindowsStandalone target not found
Native extension for WebGL target not found
Refreshing native plugins compatible for Editor in 0.62 ms, found 0 plugins.
Preloading 0 native plugins for Editor in 0.00 ms.
Mono: successfully reloaded assembly
- Completed reload, in  2.241 seconds
Platform modules already initialized, skipping
Refreshing native plugins compatible for Editor in 0.84 ms, found 0 plugins.
Preloading 0 native plugins for Editor in 0.00 ms.
Unloading 1274 Unused Serialized files (Serialized files now loaded: 0)
System memory in use before: 73.9 MB.
System memory in use after: 73.6 MB.

Unloading 8 unused Assets to reduce memory usage. Loaded Objects now: 1771.
Total: 4.100600 ms (FindLiveObjects: 0.300300 ms CreateObjectMapping: 0.064100 ms MarkObjects: 2.579600 ms  DeleteObjects: 1.154000 ms)

========================================================================
Received Import Request.
  Time since last request: 1576.132795 seconds.
  path: Assets/Scripts/SecurityCamera.cs
  artifactKey: Guid(f25b009466fd3e4439a00b7529b74190) Importer(815301076,1909f56bfc062723c751e8b465ee728b)
Start importing Assets/Scripts/SecurityCamera.cs using Guid(f25b009466fd3e4439a00b7529b74190) Importer(815301076,1909f56bfc062723c751e8b465ee728b)  -> (artifact id: '79642673172f608ae69a7ffb06091838') in 0.051862 seconds
  Import took 0.086622 seconds .

AssetImportWorkerClient::OnTransportError - code=2 error=End of file
