Using pre-set license
Built from '2020.3/staging' branch; Version is '2020.3.8f1 (507919d4fff5) revision 5273881'; Using compiler version '192528614'; Build Type 'Release'
OS: 'Windows 10 Home; OS build 19042.1052; Version 2009; 64bit' Language: 'en' Physical Memory: 16329 MB
BatchMode: 1, IsHumanControllingUs: 0, StartBugReporterOnCrash: 0, Is64bit: 1, IsPro: 0

 COMMAND LINE ARGUMENTS:
C:\Program Files\Unity\Hub\Editor\2020.3.8f1\Editor\Unity.exe
-adb2
-batchMode
-noUpm
-name
AssetImportWorker0
-projectPath
D:/Games/DangryGames/StealthGame/StealthGame/Stealth Game
-logFile
Logs/AssetImportWorker0.log
-srvPort
1054
Successfully changed project path to: D:/Games/DangryGames/StealthGame/StealthGame/Stealth Game
D:/Games/DangryGames/StealthGame/StealthGame/Stealth Game
Using Asset Import Pipeline V2.
Refreshing native plugins compatible for Editor in 66.03 ms, found 0 plugins.
Preloading 0 native plugins for Editor in 0.00 ms.
Initialize engine version: 2020.3.8f1 (507919d4fff5)
[Subsystems] Discovering subsystems at path C:/Program Files/Unity/Hub/Editor/2020.3.8f1/Editor/Data/Resources/UnitySubsystems
[Subsystems] Discovering subsystems at path D:/Games/DangryGames/StealthGame/StealthGame/Stealth Game/Assets
GfxDevice: creating device client; threaded=0
Direct3D:
    Version:  Direct3D 11.0 [level 11.1]
    Renderer: NVIDIA GeForce GTX 960 (ID=0x1401)
    Vendor:   
    VRAM:     2007 MB
    Driver:   30.0.14.7111
Initialize mono
Mono path[0] = 'C:/Program Files/Unity/Hub/Editor/2020.3.8f1/Editor/Data/Managed'
Mono path[1] = 'C:/Program Files/Unity/Hub/Editor/2020.3.8f1/Editor/Data/MonoBleedingEdge/lib/mono/unityjit'
Mono config path = 'C:/Program Files/Unity/Hub/Editor/2020.3.8f1/Editor/Data/MonoBleedingEdge/etc'
Using monoOptions --debugger-agent=transport=dt_socket,embedding=1,server=y,suspend=n,address=127.0.0.1:56156
Begin MonoManager ReloadAssembly
Registering precompiled unity dll's ...
Register platform support module: C:/Program Files/Unity/Hub/Editor/2020.3.8f1/Editor/Data/PlaybackEngines/WebGLSupport/UnityEditor.WebGL.Extensions.dll
Register platform support module: C:/Program Files/Unity/Hub/Editor/2020.3.8f1/Editor/Data/PlaybackEngines/WindowsStandaloneSupport/UnityEditor.WindowsStandalone.Extensions.dll
Registered in 0.004952 seconds.
Native extension for WindowsStandalone target not found
Native extension for WebGL target not found
Refreshing native plugins compatible for Editor in 62.08 ms, found 0 plugins.
Preloading 0 native plugins for Editor in 0.00 ms.
Mono: successfully reloaded assembly
- Completed reload, in  2.589 seconds
Platform modules already initialized, skipping
Registering precompiled user dll's ...
Registered in 0.001438 seconds.
Begin MonoManager ReloadAssembly
Native extension for WindowsStandalone target not found
Native extension for WebGL target not found
Refreshing native plugins compatible for Editor in 0.75 ms, found 0 plugins.
Preloading 0 native plugins for Editor in 0.00 ms.
Mono: successfully reloaded assembly
- Completed reload, in  2.685 seconds
Platform modules already initialized, skipping
========================================================================
Worker process is ready to serve import requests
Launched and connected shader compiler UnityShaderCompiler.exe after 0.17 seconds
Refreshing native plugins compatible for Editor in 0.76 ms, found 0 plugins.
Preloading 0 native plugins for Editor in 0.00 ms.
Unloading 1302 Unused Serialized files (Serialized files now loaded: 0)
System memory in use before: 76.6 MB.
System memory in use after: 76.3 MB.

Unloading 13 unused Assets to reduce memory usage. Loaded Objects now: 1757.
Total: 4.305900 ms (FindLiveObjects: 0.345500 ms CreateObjectMapping: 0.071700 ms MarkObjects: 2.996000 ms  DeleteObjects: 0.890100 ms)

========================================================================
Received Import Request.
  path: Assets/The Great Fleece/Game/Animations/Character/Darren/Throw.anim
  artifactKey: Guid(c66cccb1772c8475dbd6a8613f8cd996) Importer(815301076,1909f56bfc062723c751e8b465ee728b)
Start importing Assets/The Great Fleece/Game/Animations/Character/Darren/Throw.anim using Guid(c66cccb1772c8475dbd6a8613f8cd996) Importer(815301076,1909f56bfc062723c751e8b465ee728b)  -> (artifact id: '45abd61fabea57835ab590aa7ddf53c9') in 0.071927 seconds
  Import took 0.083276 seconds .

========================================================================
Received Prepare
Registering precompiled user dll's ...
Registered in 0.001639 seconds.
Begin MonoManager ReloadAssembly
Native extension for WindowsStandalone target not found
Native extension for WebGL target not found
Refreshing native plugins compatible for Editor in 1.12 ms, found 0 plugins.
Preloading 0 native plugins for Editor in 0.00 ms.
Mono: successfully reloaded assembly
- Completed reload, in  2.949 seconds
Platform modules already initialized, skipping
Refreshing native plugins compatible for Editor in 0.64 ms, found 0 plugins.
Preloading 0 native plugins for Editor in 0.00 ms.
Unloading 1268 Unused Serialized files (Serialized files now loaded: 0)
System memory in use before: 73.7 MB.
System memory in use after: 73.4 MB.

Unloading 8 unused Assets to reduce memory usage. Loaded Objects now: 1761.
Total: 3.415000 ms (FindLiveObjects: 0.314600 ms CreateObjectMapping: 0.169800 ms MarkObjects: 2.277700 ms  DeleteObjects: 0.650300 ms)

========================================================================
Received Prepare
Registering precompiled user dll's ...
Registered in 0.001744 seconds.
Begin MonoManager ReloadAssembly
Native extension for WindowsStandalone target not found
Native extension for WebGL target not found
Refreshing native plugins compatible for Editor in 0.62 ms, found 0 plugins.
Preloading 0 native plugins for Editor in 0.00 ms.
Mono: successfully reloaded assembly
- Completed reload, in  2.131 seconds
Platform modules already initialized, skipping
Refreshing native plugins compatible for Editor in 0.63 ms, found 0 plugins.
Preloading 0 native plugins for Editor in 0.00 ms.
Unloading 1268 Unused Serialized files (Serialized files now loaded: 0)
System memory in use before: 73.8 MB.
System memory in use after: 73.5 MB.

Unloading 8 unused Assets to reduce memory usage. Loaded Objects now: 1765.
Total: 4.207200 ms (FindLiveObjects: 0.313600 ms CreateObjectMapping: 0.068500 ms MarkObjects: 3.085000 ms  DeleteObjects: 0.737700 ms)

========================================================================
Received Import Request.
  Time since last request: 90.819917 seconds.
  path: Assets/The Great Fleece/Game/Animations/Character/Darren/Darren.controller
  artifactKey: Guid(fe4b967414942d34ca54d1a5ee23801f) Importer(815301076,1909f56bfc062723c751e8b465ee728b)
Start importing Assets/The Great Fleece/Game/Animations/Character/Darren/Darren.controller using Guid(fe4b967414942d34ca54d1a5ee23801f) Importer(815301076,1909f56bfc062723c751e8b465ee728b)  -> (artifact id: '0dedf1b6417de86e18c8ebccd91be1ec') in 0.115703 seconds
  Import took 0.139764 seconds .

========================================================================
Received Prepare
Registering precompiled user dll's ...
Registered in 0.001739 seconds.
Begin MonoManager ReloadAssembly
Native extension for WindowsStandalone target not found
Native extension for WebGL target not found
Refreshing native plugins compatible for Editor in 1.07 ms, found 0 plugins.
Preloading 0 native plugins for Editor in 0.00 ms.
Mono: successfully reloaded assembly
- Completed reload, in  2.569 seconds
Platform modules already initialized, skipping
Refreshing native plugins compatible for Editor in 0.60 ms, found 0 plugins.
Preloading 0 native plugins for Editor in 0.00 ms.
Unloading 1268 Unused Serialized files (Serialized files now loaded: 0)
System memory in use before: 73.8 MB.
System memory in use after: 73.5 MB.

Unloading 8 unused Assets to reduce memory usage. Loaded Objects now: 1769.
Total: 3.468300 ms (FindLiveObjects: 0.304100 ms CreateObjectMapping: 0.066000 ms MarkObjects: 2.380300 ms  DeleteObjects: 0.715400 ms)

========================================================================
Received Prepare
Registering precompiled user dll's ...
Registered in 0.001441 seconds.
Begin MonoManager ReloadAssembly
Native extension for WindowsStandalone target not found
Native extension for WebGL target not found
Refreshing native plugins compatible for Editor in 0.59 ms, found 0 plugins.
Preloading 0 native plugins for Editor in 0.00 ms.
Mono: successfully reloaded assembly
- Completed reload, in  1.972 seconds
Platform modules already initialized, skipping
Refreshing native plugins compatible for Editor in 0.63 ms, found 0 plugins.
Preloading 0 native plugins for Editor in 0.00 ms.
Unloading 1268 Unused Serialized files (Serialized files now loaded: 0)
System memory in use before: 73.8 MB.
System memory in use after: 73.5 MB.

Unloading 8 unused Assets to reduce memory usage. Loaded Objects now: 1773.
Total: 3.539100 ms (FindLiveObjects: 0.334900 ms CreateObjectMapping: 0.095000 ms MarkObjects: 2.342600 ms  DeleteObjects: 0.764000 ms)

========================================================================
Received Prepare
Registering precompiled user dll's ...
Registered in 0.001380 seconds.
Begin MonoManager ReloadAssembly
Native extension for WindowsStandalone target not found
Native extension for WebGL target not found
Refreshing native plugins compatible for Editor in 0.67 ms, found 0 plugins.
Preloading 0 native plugins for Editor in 0.00 ms.
Mono: successfully reloaded assembly
- Completed reload, in  2.224 seconds
Platform modules already initialized, skipping
Refreshing native plugins compatible for Editor in 0.61 ms, found 0 plugins.
Preloading 0 native plugins for Editor in 0.00 ms.
Unloading 1268 Unused Serialized files (Serialized files now loaded: 0)
System memory in use before: 73.8 MB.
System memory in use after: 73.5 MB.

Unloading 8 unused Assets to reduce memory usage. Loaded Objects now: 1777.
Total: 3.514500 ms (FindLiveObjects: 0.297000 ms CreateObjectMapping: 0.085300 ms MarkObjects: 2.325600 ms  DeleteObjects: 0.757400 ms)

========================================================================
Received Prepare
Registering precompiled user dll's ...
Registered in 0.002627 seconds.
Begin MonoManager ReloadAssembly
Native extension for WindowsStandalone target not found
Native extension for WebGL target not found
Refreshing native plugins compatible for Editor in 0.71 ms, found 0 plugins.
Preloading 0 native plugins for Editor in 0.00 ms.
Mono: successfully reloaded assembly
- Completed reload, in  2.160 seconds
Platform modules already initialized, skipping
Refreshing native plugins compatible for Editor in 0.68 ms, found 0 plugins.
Preloading 0 native plugins for Editor in 0.00 ms.
Unloading 1268 Unused Serialized files (Serialized files now loaded: 0)
System memory in use before: 73.8 MB.
System memory in use after: 73.5 MB.

Unloading 8 unused Assets to reduce memory usage. Loaded Objects now: 1781.
Total: 4.126500 ms (FindLiveObjects: 0.423200 ms CreateObjectMapping: 0.084000 ms MarkObjects: 2.872500 ms  DeleteObjects: 0.744200 ms)

========================================================================
Received Prepare
Registering precompiled user dll's ...
Registered in 0.001348 seconds.
Begin MonoManager ReloadAssembly
Native extension for WindowsStandalone target not found
Native extension for WebGL target not found
Refreshing native plugins compatible for Editor in 0.68 ms, found 0 plugins.
Preloading 0 native plugins for Editor in 0.00 ms.
Mono: successfully reloaded assembly
- Completed reload, in  2.010 seconds
Platform modules already initialized, skipping
Refreshing native plugins compatible for Editor in 0.67 ms, found 0 plugins.
Preloading 0 native plugins for Editor in 0.00 ms.
Unloading 1268 Unused Serialized files (Serialized files now loaded: 0)
System memory in use before: 73.8 MB.
System memory in use after: 73.5 MB.

Unloading 8 unused Assets to reduce memory usage. Loaded Objects now: 1785.
Total: 3.624300 ms (FindLiveObjects: 0.287200 ms CreateObjectMapping: 0.066100 ms MarkObjects: 2.369100 ms  DeleteObjects: 0.899900 ms)

========================================================================
Received Prepare
Registering precompiled user dll's ...
Registered in 0.001790 seconds.
Begin MonoManager ReloadAssembly
Native extension for WindowsStandalone target not found
Native extension for WebGL target not found
Refreshing native plugins compatible for Editor in 0.77 ms, found 0 plugins.
Preloading 0 native plugins for Editor in 0.00 ms.
Mono: successfully reloaded assembly
- Completed reload, in  2.361 seconds
Platform modules already initialized, skipping
Refreshing native plugins compatible for Editor in 0.59 ms, found 0 plugins.
Preloading 0 native plugins for Editor in 0.00 ms.
Unloading 1268 Unused Serialized files (Serialized files now loaded: 0)
System memory in use before: 73.8 MB.
System memory in use after: 73.5 MB.

Unloading 8 unused Assets to reduce memory usage. Loaded Objects now: 1789.
Total: 3.470400 ms (FindLiveObjects: 0.289400 ms CreateObjectMapping: 0.065400 ms MarkObjects: 2.344500 ms  DeleteObjects: 0.768600 ms)

========================================================================
Received Prepare
Registering precompiled user dll's ...
Registered in 0.001619 seconds.
Begin MonoManager ReloadAssembly
Native extension for WindowsStandalone target not found
Native extension for WebGL target not found
Refreshing native plugins compatible for Editor in 0.63 ms, found 0 plugins.
Preloading 0 native plugins for Editor in 0.00 ms.
Mono: successfully reloaded assembly
- Completed reload, in  1.975 seconds
Platform modules already initialized, skipping
Refreshing native plugins compatible for Editor in 0.63 ms, found 0 plugins.
Preloading 0 native plugins for Editor in 0.00 ms.
Unloading 1268 Unused Serialized files (Serialized files now loaded: 0)
System memory in use before: 73.8 MB.
System memory in use after: 73.5 MB.

Unloading 8 unused Assets to reduce memory usage. Loaded Objects now: 1793.
Total: 3.944000 ms (FindLiveObjects: 0.303900 ms CreateObjectMapping: 0.089400 ms MarkObjects: 2.493600 ms  DeleteObjects: 1.054100 ms)

========================================================================
Received Import Request.
  Time since last request: 825.668491 seconds.
  path: Assets/Scripts/VOTrigger.cs
  artifactKey: Guid(219205f41cc8f4e43820268fed7b9134) Importer(815301076,1909f56bfc062723c751e8b465ee728b)
Start importing Assets/Scripts/VOTrigger.cs using Guid(219205f41cc8f4e43820268fed7b9134) Importer(815301076,1909f56bfc062723c751e8b465ee728b)  -> (artifact id: 'fae8435255e214aa6ffbc090c04166cd') in 0.142689 seconds
  Import took 0.153183 seconds .

========================================================================
Received Prepare
Registering precompiled user dll's ...
Registered in 0.003530 seconds.
Begin MonoManager ReloadAssembly
Native extension for WindowsStandalone target not found
Native extension for WebGL target not found
Refreshing native plugins compatible for Editor in 0.59 ms, found 0 plugins.
Preloading 0 native plugins for Editor in 0.00 ms.
Mono: successfully reloaded assembly
- Completed reload, in  2.019 seconds
Platform modules already initialized, skipping
Refreshing native plugins compatible for Editor in 0.67 ms, found 0 plugins.
Preloading 0 native plugins for Editor in 0.00 ms.
Unloading 1269 Unused Serialized files (Serialized files now loaded: 0)
System memory in use before: 73.9 MB.
System memory in use after: 73.6 MB.

Unloading 8 unused Assets to reduce memory usage. Loaded Objects now: 1798.
Total: 3.454200 ms (FindLiveObjects: 0.327200 ms CreateObjectMapping: 0.070500 ms MarkObjects: 2.290300 ms  DeleteObjects: 0.763400 ms)

========================================================================
Received Prepare
Registering precompiled user dll's ...
Registered in 0.001384 seconds.
Begin MonoManager ReloadAssembly
Native extension for WindowsStandalone target not found
Native extension for WebGL target not found
Refreshing native plugins compatible for Editor in 0.63 ms, found 0 plugins.
Preloading 0 native plugins for Editor in 0.00 ms.
Mono: successfully reloaded assembly
- Completed reload, in  2.100 seconds
Platform modules already initialized, skipping
Refreshing native plugins compatible for Editor in 0.63 ms, found 0 plugins.
Preloading 0 native plugins for Editor in 0.00 ms.
Unloading 1269 Unused Serialized files (Serialized files now loaded: 0)
System memory in use before: 73.9 MB.
System memory in use after: 73.6 MB.

Unloading 8 unused Assets to reduce memory usage. Loaded Objects now: 1802.
Total: 3.650100 ms (FindLiveObjects: 0.302700 ms CreateObjectMapping: 0.073600 ms MarkObjects: 2.458800 ms  DeleteObjects: 0.811200 ms)

========================================================================
Received Prepare
Registering precompiled user dll's ...
Registered in 0.001521 seconds.
Begin MonoManager ReloadAssembly
Native extension for WindowsStandalone target not found
Native extension for WebGL target not found
Refreshing native plugins compatible for Editor in 0.61 ms, found 0 plugins.
Preloading 0 native plugins for Editor in 0.00 ms.
Mono: successfully reloaded assembly
- Completed reload, in  2.187 seconds
Platform modules already initialized, skipping
Refreshing native plugins compatible for Editor in 0.65 ms, found 0 plugins.
Preloading 0 native plugins for Editor in 0.00 ms.
Unloading 1269 Unused Serialized files (Serialized files now loaded: 0)
System memory in use before: 73.9 MB.
System memory in use after: 73.6 MB.

Unloading 8 unused Assets to reduce memory usage. Loaded Objects now: 1806.
Total: 4.563400 ms (FindLiveObjects: 0.284800 ms CreateObjectMapping: 0.067700 ms MarkObjects: 3.410500 ms  DeleteObjects: 0.798400 ms)

========================================================================
Received Prepare
Registering precompiled user dll's ...
Registered in 0.001386 seconds.
Begin MonoManager ReloadAssembly
Native extension for WindowsStandalone target not found
Native extension for WebGL target not found
Refreshing native plugins compatible for Editor in 0.65 ms, found 0 plugins.
Preloading 0 native plugins for Editor in 0.00 ms.
Mono: successfully reloaded assembly
- Completed reload, in  2.739 seconds
Platform modules already initialized, skipping
Refreshing native plugins compatible for Editor in 0.65 ms, found 0 plugins.
Preloading 0 native plugins for Editor in 0.00 ms.
Unloading 1269 Unused Serialized files (Serialized files now loaded: 0)
System memory in use before: 73.9 MB.
System memory in use after: 73.6 MB.

Unloading 8 unused Assets to reduce memory usage. Loaded Objects now: 1810.
Total: 4.071700 ms (FindLiveObjects: 0.708300 ms CreateObjectMapping: 0.082700 ms MarkObjects: 2.533800 ms  DeleteObjects: 0.744600 ms)

========================================================================
Received Prepare
Registering precompiled user dll's ...
Registered in 0.001367 seconds.
Begin MonoManager ReloadAssembly
Native extension for WindowsStandalone target not found
Native extension for WebGL target not found
Refreshing native plugins compatible for Editor in 0.67 ms, found 0 plugins.
Preloading 0 native plugins for Editor in 0.00 ms.
Mono: successfully reloaded assembly
- Completed reload, in  2.195 seconds
Platform modules already initialized, skipping
Refreshing native plugins compatible for Editor in 0.62 ms, found 0 plugins.
Preloading 0 native plugins for Editor in 0.00 ms.
Unloading 1269 Unused Serialized files (Serialized files now loaded: 0)
System memory in use before: 73.9 MB.
System memory in use after: 73.6 MB.

Unloading 8 unused Assets to reduce memory usage. Loaded Objects now: 1814.
Total: 3.362200 ms (FindLiveObjects: 0.307200 ms CreateObjectMapping: 0.075400 ms MarkObjects: 2.265000 ms  DeleteObjects: 0.712100 ms)

========================================================================
Received Prepare
Registering precompiled user dll's ...
Registered in 0.001571 seconds.
Begin MonoManager ReloadAssembly
Native extension for WindowsStandalone target not found
Native extension for WebGL target not found
Refreshing native plugins compatible for Editor in 0.66 ms, found 0 plugins.
Preloading 0 native plugins for Editor in 0.00 ms.
Mono: successfully reloaded assembly
- Completed reload, in  8.675 seconds
Platform modules already initialized, skipping
Refreshing native plugins compatible for Editor in 0.62 ms, found 0 plugins.
Preloading 0 native plugins for Editor in 0.00 ms.
Unloading 1269 Unused Serialized files (Serialized files now loaded: 0)
System memory in use before: 73.9 MB.
System memory in use after: 73.6 MB.

Unloading 8 unused Assets to reduce memory usage. Loaded Objects now: 1818.
Total: 3.469600 ms (FindLiveObjects: 0.317800 ms CreateObjectMapping: 0.075100 ms MarkObjects: 2.335000 ms  DeleteObjects: 0.738900 ms)

