Using pre-set license
Built from '2020.3/staging' branch; Version is '2020.3.8f1 (507919d4fff5) revision 5273881'; Using compiler version '192528614'; Build Type 'Release'
OS: 'Windows 10 Home; OS build 19042.1052; Version 2009; 64bit' Language: 'en' Physical Memory: 16329 MB
BatchMode: 1, IsHumanControllingUs: 0, StartBugReporterOnCrash: 0, Is64bit: 1, IsPro: 0

 COMMAND LINE ARGUMENTS:
C:\Program Files\Unity\Hub\Editor\2020.3.8f1\Editor\Unity.exe
-adb2
-batchMode
-noUpm
-name
AssetImportWorker1
-projectPath
D:/Games/DangryGames/StealthGame/StealthGame/Stealth Game
-logFile
Logs/AssetImportWorker1.log
-srvPort
13489
Successfully changed project path to: D:/Games/DangryGames/StealthGame/StealthGame/Stealth Game
D:/Games/DangryGames/StealthGame/StealthGame/Stealth Game
Using Asset Import Pipeline V2.
Refreshing native plugins compatible for Editor in 76.92 ms, found 0 plugins.
Preloading 0 native plugins for Editor in 0.00 ms.
Initialize engine version: 2020.3.8f1 (507919d4fff5)
[Subsystems] Discovering subsystems at path C:/Program Files/Unity/Hub/Editor/2020.3.8f1/Editor/Data/Resources/UnitySubsystems
[Subsystems] Discovering subsystems at path D:/Games/DangryGames/StealthGame/StealthGame/Stealth Game/Assets
GfxDevice: creating device client; threaded=0
Direct3D:
    Version:  Direct3D 11.0 [level 11.1]
    Renderer: NVIDIA GeForce GTX 960 (ID=0x1401)
    Vendor:   
    VRAM:     2007 MB
    Driver:   27.21.14.6647
Initialize mono
Mono path[0] = 'C:/Program Files/Unity/Hub/Editor/2020.3.8f1/Editor/Data/Managed'
Mono path[1] = 'C:/Program Files/Unity/Hub/Editor/2020.3.8f1/Editor/Data/MonoBleedingEdge/lib/mono/unityjit'
Mono config path = 'C:/Program Files/Unity/Hub/Editor/2020.3.8f1/Editor/Data/MonoBleedingEdge/etc'
Using monoOptions --debugger-agent=transport=dt_socket,embedding=1,server=y,suspend=n,address=127.0.0.1:56916
Begin MonoManager ReloadAssembly
Registering precompiled unity dll's ...
Register platform support module: C:/Program Files/Unity/Hub/Editor/2020.3.8f1/Editor/Data/PlaybackEngines/WebGLSupport/UnityEditor.WebGL.Extensions.dll
Register platform support module: C:/Program Files/Unity/Hub/Editor/2020.3.8f1/Editor/Data/PlaybackEngines/WindowsStandaloneSupport/UnityEditor.WindowsStandalone.Extensions.dll
Registered in 0.006155 seconds.
Native extension for WindowsStandalone target not found
Native extension for WebGL target not found
Refreshing native plugins compatible for Editor in 95.82 ms, found 0 plugins.
Preloading 0 native plugins for Editor in 0.00 ms.
Mono: successfully reloaded assembly
- Completed reload, in  8.903 seconds
Platform modules already initialized, skipping
Registering precompiled user dll's ...
Registered in 0.002040 seconds.
Begin MonoManager ReloadAssembly
Native extension for WindowsStandalone target not found
Native extension for WebGL target not found
Refreshing native plugins compatible for Editor in 0.69 ms, found 0 plugins.
Preloading 0 native plugins for Editor in 0.00 ms.
Mono: successfully reloaded assembly
- Completed reload, in  6.760 seconds
Platform modules already initialized, skipping
========================================================================
Worker process is ready to serve import requests
Launched and connected shader compiler UnityShaderCompiler.exe after 0.15 seconds
Refreshing native plugins compatible for Editor in 0.65 ms, found 0 plugins.
Preloading 0 native plugins for Editor in 0.00 ms.
Unloading 1299 Unused Serialized files (Serialized files now loaded: 0)
System memory in use before: 76.3 MB.
System memory in use after: 76.0 MB.

Unloading 13 unused Assets to reduce memory usage. Loaded Objects now: 1754.
Total: 4.200600 ms (FindLiveObjects: 0.356200 ms CreateObjectMapping: 0.072500 ms MarkObjects: 3.003200 ms  DeleteObjects: 0.766300 ms)

========================================================================
Received Import Request.
  path: Assets/Scripts/Player.cs
  artifactKey: Guid(ab8ca07d26f41d44a9b48699b305a59d) Importer(815301076,1909f56bfc062723c751e8b465ee728b)
Start importing Assets/Scripts/Player.cs using Guid(ab8ca07d26f41d44a9b48699b305a59d) Importer(815301076,1909f56bfc062723c751e8b465ee728b)  -> (artifact id: 'ff0d0324f2dccfaabd37d1180b5de55c') in 0.635343 seconds
  Import took 0.639088 seconds .

========================================================================
Received Import Request.
  Time since last request: 440.641557 seconds.
  path: Assets/Scripts/Player.cs
  artifactKey: Guid(ab8ca07d26f41d44a9b48699b305a59d) Importer(815301076,1909f56bfc062723c751e8b465ee728b)
Start importing Assets/Scripts/Player.cs using Guid(ab8ca07d26f41d44a9b48699b305a59d) Importer(815301076,1909f56bfc062723c751e8b465ee728b)  -> (artifact id: 'fcb60fdfeb23f6aa80e58363e0b84b9c') in 0.031766 seconds
  Import took 0.038854 seconds .

========================================================================
Received Import Request.
  Time since last request: 2.970629 seconds.
  path: Assets/Scripts/Player.cs
  artifactKey: Guid(ab8ca07d26f41d44a9b48699b305a59d) Importer(815301076,1909f56bfc062723c751e8b465ee728b)
Start importing Assets/Scripts/Player.cs using Guid(ab8ca07d26f41d44a9b48699b305a59d) Importer(815301076,1909f56bfc062723c751e8b465ee728b)  -> (artifact id: 'c76899bcdd8f1e06a470ae830023a3e8') in 0.031903 seconds
  Import took 0.036788 seconds .

========================================================================
Received Prepare
Registering precompiled user dll's ...
Registered in 0.001551 seconds.
Begin MonoManager ReloadAssembly
Native extension for WindowsStandalone target not found
Native extension for WebGL target not found
Refreshing native plugins compatible for Editor in 0.66 ms, found 0 plugins.
Preloading 0 native plugins for Editor in 0.00 ms.
Mono: successfully reloaded assembly
- Completed reload, in  2.440 seconds
Platform modules already initialized, skipping
Refreshing native plugins compatible for Editor in 0.71 ms, found 0 plugins.
Preloading 0 native plugins for Editor in 0.00 ms.
Unloading 1265 Unused Serialized files (Serialized files now loaded: 0)
System memory in use before: 73.4 MB.
System memory in use after: 73.1 MB.

Unloading 8 unused Assets to reduce memory usage. Loaded Objects now: 1758.
Total: 3.729400 ms (FindLiveObjects: 0.315000 ms CreateObjectMapping: 0.073600 ms MarkObjects: 2.594500 ms  DeleteObjects: 0.743800 ms)

========================================================================
Received Prepare
Registering precompiled user dll's ...
Registered in 0.001613 seconds.
Begin MonoManager ReloadAssembly
Native extension for WindowsStandalone target not found
Native extension for WebGL target not found
Refreshing native plugins compatible for Editor in 0.73 ms, found 0 plugins.
Preloading 0 native plugins for Editor in 0.00 ms.
Mono: successfully reloaded assembly
- Completed reload, in  2.235 seconds
Platform modules already initialized, skipping
Refreshing native plugins compatible for Editor in 0.60 ms, found 0 plugins.
Preloading 0 native plugins for Editor in 0.00 ms.
Unloading 1265 Unused Serialized files (Serialized files now loaded: 0)
System memory in use before: 73.5 MB.
System memory in use after: 73.2 MB.

Unloading 8 unused Assets to reduce memory usage. Loaded Objects now: 1762.
Total: 3.316600 ms (FindLiveObjects: 0.275700 ms CreateObjectMapping: 0.065800 ms MarkObjects: 2.242400 ms  DeleteObjects: 0.730400 ms)

========================================================================
Received Import Request.
  Time since last request: 110.999075 seconds.
  path: Assets/Scripts/Player.cs
  artifactKey: Guid(ab8ca07d26f41d44a9b48699b305a59d) Importer(815301076,1909f56bfc062723c751e8b465ee728b)
Start importing Assets/Scripts/Player.cs using Guid(ab8ca07d26f41d44a9b48699b305a59d) Importer(815301076,1909f56bfc062723c751e8b465ee728b)  -> (artifact id: 'cf00da65cb7979b1a3045662eda75808') in 0.018992 seconds
  Import took 0.022558 seconds .

========================================================================
Received Import Request.
  Time since last request: 21.728111 seconds.
  path: Assets/The Great Fleece/Game/Models/Dont_Touch/Characters/Darren
  artifactKey: Guid(6862dc24f3f444d1fb30fe3a793e0dd2) Importer(815301076,1909f56bfc062723c751e8b465ee728b)
Start importing Assets/The Great Fleece/Game/Models/Dont_Touch/Characters/Darren using Guid(6862dc24f3f444d1fb30fe3a793e0dd2) Importer(815301076,1909f56bfc062723c751e8b465ee728b)  -> (artifact id: '9077f3de8c36895c39ec27ad67956c47') in 0.024069 seconds
  Import took 0.031459 seconds .

========================================================================
Received Import Request.
  Time since last request: 1.411876 seconds.
  path: Assets/The Great Fleece/Game/Models/Dont_Touch/Characters/Darren/FBX
  artifactKey: Guid(14300f2589bdc2841adca750a9f84caa) Importer(815301076,1909f56bfc062723c751e8b465ee728b)
Start importing Assets/The Great Fleece/Game/Models/Dont_Touch/Characters/Darren/FBX using Guid(14300f2589bdc2841adca750a9f84caa) Importer(815301076,1909f56bfc062723c751e8b465ee728b)  -> (artifact id: '7309df0f0f3e7690ec39518a346bf70b') in 0.037681 seconds
  Import took 0.043292 seconds .

========================================================================
Received Import Request.
  Time since last request: 0.074098 seconds.
  path: Assets/The Great Fleece/Game/Models/Dont_Touch/Characters/Darren/FBX/Darren Flight.fbx
  artifactKey: Guid(21404fd52b95740958b236d5dc985048) Importer(815301076,1909f56bfc062723c751e8b465ee728b)
Start importing Assets/The Great Fleece/Game/Models/Dont_Touch/Characters/Darren/FBX/Darren Flight.fbx using Guid(21404fd52b95740958b236d5dc985048) Importer(815301076,1909f56bfc062723c751e8b465ee728b)  -> (artifact id: '8a7429e96e3a927b91eb99e8571feb21') in 0.466728 seconds
  Import took 0.472623 seconds .

========================================================================
Received Import Request.
  Time since last request: 32.400595 seconds.
  path: Assets/The Great Fleece/Game/Prefabs/StatingCutsceneTimeline.playable
  artifactKey: Guid(d72f12af3740d1d41942b95f0a7ab53e) Importer(815301076,1909f56bfc062723c751e8b465ee728b)
Start importing Assets/The Great Fleece/Game/Prefabs/StatingCutsceneTimeline.playable using Guid(d72f12af3740d1d41942b95f0a7ab53e) Importer(815301076,1909f56bfc062723c751e8b465ee728b)  -> (artifact id: 'be9cf28189de05c684acec8f3d58f245') in 0.152353 seconds
  Import took 0.157756 seconds .

========================================================================
Received Prepare
Registering precompiled user dll's ...
Registered in 0.001384 seconds.
Begin MonoManager ReloadAssembly
Native extension for WindowsStandalone target not found
Native extension for WebGL target not found
Refreshing native plugins compatible for Editor in 0.65 ms, found 0 plugins.
Preloading 0 native plugins for Editor in 0.00 ms.
Mono: successfully reloaded assembly
- Completed reload, in  4.540 seconds
Platform modules already initialized, skipping
Refreshing native plugins compatible for Editor in 17.10 ms, found 0 plugins.
Preloading 0 native plugins for Editor in 0.00 ms.
Unloading 1265 Unused Serialized files (Serialized files now loaded: 0)
System memory in use before: 76.8 MB.
System memory in use after: 76.5 MB.

Unloading 8 unused Assets to reduce memory usage. Loaded Objects now: 1776.
Total: 5.048900 ms (FindLiveObjects: 0.402100 ms CreateObjectMapping: 0.085800 ms MarkObjects: 3.496800 ms  DeleteObjects: 1.060300 ms)

========================================================================
Received Prepare
Registering precompiled user dll's ...
Registered in 0.004087 seconds.
Begin MonoManager ReloadAssembly
Native extension for WindowsStandalone target not found
Native extension for WebGL target not found
Refreshing native plugins compatible for Editor in 0.83 ms, found 0 plugins.
Preloading 0 native plugins for Editor in 0.00 ms.
Mono: successfully reloaded assembly
- Completed reload, in  2.756 seconds
Platform modules already initialized, skipping
Refreshing native plugins compatible for Editor in 0.62 ms, found 0 plugins.
Preloading 0 native plugins for Editor in 0.00 ms.
Unloading 1265 Unused Serialized files (Serialized files now loaded: 0)
System memory in use before: 76.8 MB.
System memory in use after: 76.5 MB.

Unloading 8 unused Assets to reduce memory usage. Loaded Objects now: 1780.
Total: 3.822600 ms (FindLiveObjects: 0.297200 ms CreateObjectMapping: 0.066200 ms MarkObjects: 2.764600 ms  DeleteObjects: 0.692500 ms)

